Using pre-set license
Built from '2020.3/staging' branch; Version is '2020.3.8f1 (507919d4fff5) revision 5273881'; Using compiler version '192528614'; Build Type 'Release'
OS: 'Windows 10 Home; OS build 19045.2251; Version 2009; 64bit' Language: 'en' Physical Memory: 130755 MB
BatchMode: 1, IsHumanControllingUs: 0, StartBugReporterOnCrash: 0, Is64bit: 1, IsPro: 0

 COMMAND LINE ARGUMENTS:
C:\Users\conka\OneDrive\Desktop\UnityEditors\2020.3.8f1\Editor\Unity.exe
-adb2
-batchMode
-noUpm
-name
AssetImportWorker0
-projectPath
C:/Users/conka/OneDrive/Desktop/Git-Source/StateFarm
-logFile
Logs/AssetImportWorker0.log
-srvPort
50177
Successfully changed project path to: C:/Users/conka/OneDrive/Desktop/Git-Source/StateFarm
C:/Users/conka/OneDrive/Desktop/Git-Source/StateFarm
Using Asset Import Pipeline V2.
Refreshing native plugins compatible for Editor in 34.44 ms, found 1 plugins.
Preloading 0 native plugins for Editor in 0.00 ms.
Initialize engine version: 2020.3.8f1 (507919d4fff5)
[Subsystems] Discovering subsystems at path C:/Users/conka/OneDrive/Desktop/UnityEditors/2020.3.8f1/Editor/Data/Resources/UnitySubsystems
[Subsystems] Discovering subsystems at path C:/Users/conka/OneDrive/Desktop/Git-Source/StateFarm/Assets
GfxDevice: creating device client; threaded=0
Direct3D:
    Version:  Direct3D 11.0 [level 11.1]
    Renderer: NVIDIA GeForce RTX 3080 Ti (ID=0x2208)
    Vendor:   
    VRAM:     12108 MB
    Driver:   31.0.15.1748
Initialize mono
Mono path[0] = 'C:/Users/conka/OneDrive/Desktop/UnityEditors/2020.3.8f1/Editor/Data/Managed'
Mono path[1] = 'C:/Users/conka/OneDrive/Desktop/UnityEditors/2020.3.8f1/Editor/Data/MonoBleedingEdge/lib/mono/unityjit'
Mono config path = 'C:/Users/conka/OneDrive/Desktop/UnityEditors/2020.3.8f1/Editor/Data/MonoBleedingEdge/etc'
Using monoOptions --debugger-agent=transport=dt_socket,embedding=1,server=y,suspend=n,address=127.0.0.1:56656
Begin MonoManager ReloadAssembly
Registering precompiled unity dll's ...
Register platform support module: C:/Users/conka/OneDrive/Desktop/UnityEditors/2020.3.8f1/Editor/Data/PlaybackEngines/WebGLSupport/UnityEditor.WebGL.Extensions.dll
Register platform support module: C:/Users/conka/OneDrive/Desktop/UnityEditors/2020.3.8f1/Editor/Data/PlaybackEngines/WindowsStandaloneSupport/UnityEditor.WindowsStandalone.Extensions.dll
Registered in 0.002002 seconds.
Native extension for WindowsStandalone target not found
Native extension for WebGL target not found
Refreshing native plugins compatible for Editor in 36.89 ms, found 1 plugins.
Preloading 0 native plugins for Editor in 0.00 ms.
Mono: successfully reloaded assembly
- Completed reload, in  1.090 seconds
Platform modules already initialized, skipping
Registering precompiled user dll's ...
Registered in 0.000901 seconds.
Begin MonoManager ReloadAssembly
Native extension for WindowsStandalone target not found
Native extension for WebGL target not found
Refreshing native plugins compatible for Editor in 35.92 ms, found 1 plugins.
Preloading 0 native plugins for Editor in 0.00 ms.
Mono: successfully reloaded assembly
- Completed reload, in  0.924 seconds
Platform modules already initialized, skipping
========================================================================
Worker process is ready to serve import requests
Launched and connected shader compiler UnityShaderCompiler.exe after 0.04 seconds
Refreshing native plugins compatible for Editor in 0.43 ms, found 1 plugins.
Preloading 0 native plugins for Editor in 0.00 ms.
Unloading 1959 Unused Serialized files (Serialized files now loaded: 0)
System memory in use before: 90.1 MB.
System memory in use after: 90.0 MB.

Unloading 25 unused Assets to reduce memory usage. Loaded Objects now: 2401.
Total: 2.440100 ms (FindLiveObjects: 0.234800 ms CreateObjectMapping: 0.054600 ms MarkObjects: 2.011100 ms  DeleteObjects: 0.138300 ms)

========================================================================
Received Import Request.
  path: Assets/Scripts
  artifactKey: Guid(07bc22af337b30d4cb77ba48cd4f58dc) Importer(815301076,1909f56bfc062723c751e8b465ee728b)
Start importing Assets/Scripts using Guid(07bc22af337b30d4cb77ba48cd4f58dc) Importer(815301076,1909f56bfc062723c751e8b465ee728b)  -> (artifact id: '2e7144164ac33d886bf03ab733641603') in 0.011084 seconds
  Import took 0.014744 seconds .

========================================================================
Received Prepare
Registering precompiled user dll's ...
Registered in 0.000754 seconds.
Begin MonoManager ReloadAssembly
Native extension for WindowsStandalone target not found
Native extension for WebGL target not found
Refreshing native plugins compatible for Editor in 0.40 ms, found 1 plugins.
Preloading 0 native plugins for Editor in 0.00 ms.
Mono: successfully reloaded assembly
- Completed reload, in  0.825 seconds
Platform modules already initialized, skipping
Refreshing native plugins compatible for Editor in 0.42 ms, found 1 plugins.
Preloading 0 native plugins for Editor in 0.00 ms.
Unloading 1953 Unused Serialized files (Serialized files now loaded: 0)
System memory in use before: 89.9 MB.
System memory in use after: 89.9 MB.

Unloading 13 unused Assets to reduce memory usage. Loaded Objects now: 2406.
Total: 2.312800 ms (FindLiveObjects: 0.231600 ms CreateObjectMapping: 0.053900 ms MarkObjects: 1.921900 ms  DeleteObjects: 0.104400 ms)

========================================================================
Received Import Request.
  Time since last request: 19.497507 seconds.
  path: Assets/Sprites/character.png
  artifactKey: Guid(5619874c557826f4b9b86c16b57e0929) Importer(815301076,1909f56bfc062723c751e8b465ee728b)
Start importing Assets/Sprites/character.png using Guid(5619874c557826f4b9b86c16b57e0929) Importer(815301076,1909f56bfc062723c751e8b465ee728b)  -> (artifact id: 'b4b115a90b7160b48f1466aca1496554') in 0.159199 seconds
  Import took 0.162831 seconds .

========================================================================
Received Import Request.
  Time since last request: 5.710787 seconds.
  path: Assets/Sprites/govm.png
  artifactKey: Guid(123445661b0bb35488a6170ba47dc11e) Importer(815301076,1909f56bfc062723c751e8b465ee728b)
Start importing Assets/Sprites/govm.png using Guid(123445661b0bb35488a6170ba47dc11e) Importer(815301076,1909f56bfc062723c751e8b465ee728b)  -> (artifact id: '86cef01f7d8c0e750fa9462a805e28b6') in 0.020915 seconds
  Import took 0.024248 seconds .

========================================================================
Received Import Request.
  Time since last request: 255.954028 seconds.
  path: Assets/Scripts/UIManager.cs
  artifactKey: Guid(e42a17580ab79fb458704b9771f69448) Importer(815301076,1909f56bfc062723c751e8b465ee728b)
Start importing Assets/Scripts/UIManager.cs using Guid(e42a17580ab79fb458704b9771f69448) Importer(815301076,1909f56bfc062723c751e8b465ee728b)  -> (artifact id: 'abb99b291dfe2641bc16ae9d404bc0b9') in 0.028482 seconds
  Import took 0.035407 seconds .

========================================================================
Received Prepare
Registering precompiled user dll's ...
Registered in 0.000765 seconds.
Begin MonoManager ReloadAssembly
Native extension for WindowsStandalone target not found
Native extension for WebGL target not found
Refreshing native plugins compatible for Editor in 0.42 ms, found 1 plugins.
Preloading 0 native plugins for Editor in 0.00 ms.
Mono: successfully reloaded assembly
- Completed reload, in  0.819 seconds
Platform modules already initialized, skipping
Refreshing native plugins compatible for Editor in 0.37 ms, found 1 plugins.
Preloading 0 native plugins for Editor in 0.00 ms.
Unloading 1966 Unused Serialized files (Serialized files now loaded: 0)
System memory in use before: 95.0 MB.
System memory in use after: 94.4 MB.

Unloading 26 unused Assets to reduce memory usage. Loaded Objects now: 2421.
Total: 5.301800 ms (FindLiveObjects: 0.380200 ms CreateObjectMapping: 0.145700 ms MarkObjects: 3.970700 ms  DeleteObjects: 0.803100 ms)

========================================================================
Received Prepare
Registering precompiled user dll's ...
Registered in 0.000916 seconds.
Begin MonoManager ReloadAssembly
Native extension for WindowsStandalone target not found
Native extension for WebGL target not found
Refreshing native plugins compatible for Editor in 0.41 ms, found 1 plugins.
Preloading 0 native plugins for Editor in 0.00 ms.
Mono: successfully reloaded assembly
- Completed reload, in  0.843 seconds
Platform modules already initialized, skipping
Refreshing native plugins compatible for Editor in 0.37 ms, found 1 plugins.
Preloading 0 native plugins for Editor in 0.00 ms.
Unloading 1966 Unused Serialized files (Serialized files now loaded: 0)
System memory in use before: 95.1 MB.
System memory in use after: 94.4 MB.

Unloading 26 unused Assets to reduce memory usage. Loaded Objects now: 2425.
Total: 2.421500 ms (FindLiveObjects: 0.216400 ms CreateObjectMapping: 0.055300 ms MarkObjects: 1.842000 ms  DeleteObjects: 0.306800 ms)

========================================================================
Received Prepare
Registering precompiled user dll's ...
Registered in 0.000712 seconds.
Begin MonoManager ReloadAssembly
Native extension for WindowsStandalone target not found
Native extension for WebGL target not found
Refreshing native plugins compatible for Editor in 0.41 ms, found 1 plugins.
Preloading 0 native plugins for Editor in 0.00 ms.
Mono: successfully reloaded assembly
- Completed reload, in  0.823 seconds
Platform modules already initialized, skipping
Refreshing native plugins compatible for Editor in 0.39 ms, found 1 plugins.
Preloading 0 native plugins for Editor in 0.00 ms.
Unloading 1966 Unused Serialized files (Serialized files now loaded: 0)
System memory in use before: 95.1 MB.
System memory in use after: 94.4 MB.

Unloading 26 unused Assets to reduce memory usage. Loaded Objects now: 2429.
Total: 2.502700 ms (FindLiveObjects: 0.220100 ms CreateObjectMapping: 0.055700 ms MarkObjects: 1.880200 ms  DeleteObjects: 0.345900 ms)

========================================================================
Received Prepare
Registering precompiled user dll's ...
Registered in 0.000839 seconds.
Begin MonoManager ReloadAssembly
Native extension for WindowsStandalone target not found
Native extension for WebGL target not found
Refreshing native plugins compatible for Editor in 0.40 ms, found 1 plugins.
Preloading 0 native plugins for Editor in 0.00 ms.
Mono: successfully reloaded assembly
- Completed reload, in  0.854 seconds
Platform modules already initialized, skipping
Refreshing native plugins compatible for Editor in 0.35 ms, found 1 plugins.
Preloading 0 native plugins for Editor in 0.00 ms.
Unloading 1966 Unused Serialized files (Serialized files now loaded: 0)
System memory in use before: 95.1 MB.
System memory in use after: 94.4 MB.

Unloading 26 unused Assets to reduce memory usage. Loaded Objects now: 2433.
Total: 2.409200 ms (FindLiveObjects: 0.211400 ms CreateObjectMapping: 0.050600 ms MarkObjects: 1.824100 ms  DeleteObjects: 0.322200 ms)

